<?xml version="1.0" encoding="UTF-8"?>
<testng-results ignored="2" total="11" passed="8" failed="1" skipped="0">
  <reporter-output>
  </reporter-output>
  <suite started-at="2022-05-06T23:19:42 IST" name="LoanDepartmentSuite" finished-at="2022-05-06T23:19:42 IST" duration-ms="70">
    <groups>
      <group name="Smoke">
        <method signature="TestNgDay5.testcase3()[pri:0, instance:test.TestNgDay5@35d019a3]" name="testcase3" class="test.TestNgDay5"/>
        <method signature="TestNgDay5.testcase1()[pri:0, instance:test.TestNgDay5@35d019a3]" name="testcase1" class="test.TestNgDay5"/>
      </group> <!-- Smoke -->
    </groups>
    <test started-at="2022-05-06T23:19:42 IST" name="Regression" finished-at="2022-05-06T23:19:42 IST" duration-ms="70">
      <class name="test.TestNgDay5">
        <test-method is-config="true" signature="firstTobeRun()[pri:0, instance:test.TestNgDay5@35d019a3]" started-at="2022-05-06T23:19:42 IST" name="firstTobeRun" finished-at="2022-05-06T23:19:42 IST" duration-ms="10" status="PASS">
          <reporter-output>
          </reporter-output>
        </test-method> <!-- firstTobeRun -->
        <test-method is-config="true" signature="prerequsite()[pri:0, instance:test.TestNgDay5@35d019a3]" started-at="2022-05-06T23:19:42 IST" name="prerequsite" finished-at="2022-05-06T23:19:42 IST" duration-ms="0" status="PASS">
          <reporter-output>
          </reporter-output>
        </test-method> <!-- prerequsite -->
        <test-method signature="testcase2()[pri:0, instance:test.TestNgDay5@35d019a3]" started-at="2022-05-06T23:19:42 IST" name="testcase2" finished-at="2022-05-06T23:19:42 IST" duration-ms="4" status="PASS">
          <reporter-output>
          </reporter-output>
        </test-method> <!-- testcase2 -->
        <test-method signature="testcase3()[pri:0, instance:test.TestNgDay5@35d019a3]" started-at="2022-05-06T23:19:42 IST" name="testcase3" finished-at="2022-05-06T23:19:42 IST" duration-ms="1" status="PASS">
          <reporter-output>
          </reporter-output>
        </test-method> <!-- testcase3 -->
        <test-method signature="testcase6()[pri:0, instance:test.TestNgDay5@35d019a3]" started-at="2022-05-06T23:19:42 IST" name="testcase6" finished-at="2022-05-06T23:19:42 IST" duration-ms="3" status="PASS">
          <reporter-output>
          </reporter-output>
        </test-method> <!-- testcase6 -->
        <test-method signature="testcase7()[pri:0, instance:test.TestNgDay5@35d019a3]" started-at="2022-05-06T23:19:42 IST" name="testcase7" finished-at="2022-05-06T23:19:42 IST" duration-ms="10" status="FAIL">
          <exception class="java.lang.AssertionError">
            <message>
              <![CDATA[expected [true] but found [false]]]>
            </message>
            <full-stacktrace>
              <![CDATA[java.lang.AssertionError: expected [true] but found [false]
at org.testng.Assert.fail(Assert.java:110)
at org.testng.Assert.failNotEquals(Assert.java:1413)
at org.testng.Assert.assertTrue(Assert.java:56)
at org.testng.Assert.assertTrue(Assert.java:66)
at test.TestNgDay5.testcase7(TestNgDay5.java:42)
at java.base/jdk.internal.reflect.NativeMethodAccessorImpl.invoke0(Native Method)
at java.base/jdk.internal.reflect.NativeMethodAccessorImpl.invoke(NativeMethodAccessorImpl.java:77)
at java.base/jdk.internal.reflect.DelegatingMethodAccessorImpl.invoke(DelegatingMethodAccessorImpl.java:43)
at java.base/java.lang.reflect.Method.invoke(Method.java:568)
at org.testng.internal.invokers.MethodInvocationHelper.invokeMethod(MethodInvocationHelper.java:135)
at org.testng.internal.invokers.TestInvoker.invokeMethod(TestInvoker.java:673)
at org.testng.internal.invokers.TestInvoker.invokeTestMethod(TestInvoker.java:220)
at org.testng.internal.invokers.MethodRunner.runInSequence(MethodRunner.java:50)
at org.testng.internal.invokers.TestInvoker$MethodInvocationAgent.invoke(TestInvoker.java:945)
at org.testng.internal.invokers.TestInvoker.invokeTestMethods(TestInvoker.java:193)
at org.testng.internal.invokers.TestMethodWorker.invokeTestMethods(TestMethodWorker.java:146)
at org.testng.internal.invokers.TestMethodWorker.run(TestMethodWorker.java:128)
at java.base/java.util.ArrayList.forEach(ArrayList.java:1511)
at org.testng.TestRunner.privateRun(TestRunner.java:808)
at org.testng.TestRunner.run(TestRunner.java:603)
at org.testng.SuiteRunner.runTest(SuiteRunner.java:429)
at org.testng.SuiteRunner.runSequentially(SuiteRunner.java:423)
at org.testng.SuiteRunner.privateRun(SuiteRunner.java:383)
at org.testng.SuiteRunner.run(SuiteRunner.java:326)
at org.testng.SuiteRunnerWorker.runSuite(SuiteRunnerWorker.java:52)
at org.testng.SuiteRunnerWorker.run(SuiteRunnerWorker.java:95)
at org.testng.TestNG.runSuitesSequentially(TestNG.java:1249)
at org.testng.TestNG.runSuitesLocally(TestNG.java:1169)
at org.testng.TestNG.runSuites(TestNG.java:1092)
at org.testng.TestNG.run(TestNG.java:1060)
at org.testng.remote.AbstractRemoteTestNG.run(AbstractRemoteTestNG.java:115)
at org.testng.remote.RemoteTestNG.initAndRun(RemoteTestNG.java:251)
at org.testng.remote.RemoteTestNG.main(RemoteTestNG.java:77)
]]>
            </full-stacktrace>
          </exception> <!-- java.lang.AssertionError -->
          <reporter-output>
          </reporter-output>
        </test-method> <!-- testcase7 -->
        <test-method signature="testcase9(java.lang.String,java.lang.String)[pri:0, instance:test.TestNgDay5@35d019a3]" started-at="2022-05-06T23:19:42 IST" name="testcase9" data-provider="getData" finished-at="2022-05-06T23:19:42 IST" duration-ms="1" status="PASS">
          <params>
            <param index="0">
              <value>
                <![CDATA[FirstSetUserName]]>
              </value>
            </param>
            <param index="1">
              <value>
                <![CDATA[password1]]>
              </value>
            </param>
          </params>
          <reporter-output>
          </reporter-output>
        </test-method> <!-- testcase9 -->
        <test-method signature="testcase9(java.lang.String,java.lang.String)[pri:0, instance:test.TestNgDay5@35d019a3]" started-at="2022-05-06T23:19:42 IST" name="testcase9" data-provider="getData" finished-at="2022-05-06T23:19:42 IST" duration-ms="1" status="PASS">
          <params>
            <param index="0">
              <value>
                <![CDATA[SecondSetUserName]]>
              </value>
            </param>
            <param index="1">
              <value>
                <![CDATA[password2]]>
              </value>
            </param>
          </params>
          <reporter-output>
          </reporter-output>
        </test-method> <!-- testcase9 -->
        <test-method signature="testcase9(java.lang.String,java.lang.String)[pri:0, instance:test.TestNgDay5@35d019a3]" started-at="2022-05-06T23:19:42 IST" name="testcase9" data-provider="getData" finished-at="2022-05-06T23:19:42 IST" duration-ms="1" status="PASS">
          <params>
            <param index="0">
              <value>
                <![CDATA[ThirdSetUserName]]>
              </value>
            </param>
            <param index="1">
              <value>
                <![CDATA[password3]]>
              </value>
            </param>
          </params>
          <reporter-output>
          </reporter-output>
        </test-method> <!-- testcase9 -->
        <test-method signature="testcase1()[pri:0, instance:test.TestNgDay5@35d019a3]" started-at="2022-05-06T23:19:42 IST" name="testcase1" finished-at="2022-05-06T23:19:42 IST" duration-ms="1" status="PASS">
          <reporter-output>
          </reporter-output>
        </test-method> <!-- testcase1 -->
        <test-method signature="testcase4()[pri:0, instance:test.TestNgDay5@35d019a3]" started-at="2022-05-06T23:19:42 IST" name="testcase4" finished-at="2022-05-06T23:19:42 IST" depends-on-methods="test.TestNgDay5.testcase2, test.TestNgDay5.testcase3" duration-ms="1" status="PASS">
          <reporter-output>
          </reporter-output>
        </test-method> <!-- testcase4 -->
        <test-method is-config="true" signature="postrequiste()[pri:0, instance:test.TestNgDay5@35d019a3]" started-at="2022-05-06T23:19:42 IST" name="postrequiste" finished-at="2022-05-06T23:19:42 IST" duration-ms="0" status="PASS">
          <reporter-output>
          </reporter-output>
        </test-method> <!-- postrequiste -->
        <test-method is-config="true" signature="lastTobeRun()[pri:0, instance:test.TestNgDay5@35d019a3]" started-at="2022-05-06T23:19:42 IST" name="lastTobeRun" finished-at="2022-05-06T23:19:42 IST" duration-ms="0" status="PASS">
          <reporter-output>
          </reporter-output>
        </test-method> <!-- lastTobeRun -->
      </class> <!-- test.TestNgDay5 -->
    </test> <!-- Regression -->
  </suite> <!-- LoanDepartmentSuite -->
</testng-results>
